<?xml version="1.0" encoding="UTF-8"?>
<!-- Generated by org.testng.reporters.JUnitXMLReporter -->
<testsuite hostname="PN-MCMINI-022.local" ignored="0" name="Default test" tests="2" failures="0" timestamp="05 Oct 2017 12:37:10 GMT" time="201.327" errors="0">
  <testcase name="TC000_login" time="37.511" classname="com.eaton.electricalhydraulic.testscripts.TS2_OpportunitiesElectrical"/>
  <testcase name="TC001_addNewAccount" time="145.5" classname="com.eaton.electricalhydraulic.testscripts.TS2_OpportunitiesElectrical"/>
</testsuite> <!-- Default test -->
